[24-Mar-2024 19:13:46 UTC] PHP Warning:  require_once(C:\Users\emily\Local Sites\the-chandler\app\public/wp-load.php): Failed to open stream: No such file or directory in C:\Users\emily\Local Sites\the-chandler\app\public\wp-blog-header.php on line 13
[24-Mar-2024 19:13:46 UTC] PHP Fatal error:  Uncaught Error: Failed opening required 'C:\Users\emily\Local Sites\the-chandler\app\public/wp-load.php' (include_path='.:/usr/share/php:/www/wp-content/pear') in C:\Users\emily\Local Sites\the-chandler\app\public\wp-blog-header.php:13
Stack trace:
#0 C:\Users\emily\Local Sites\the-chandler\app\public\index.php(17): require()
#1 {main}
  thrown in C:\Users\emily\Local Sites\the-chandler\app\public\wp-blog-header.php on line 13
[29-Mar-2024 17:49:18 UTC] PHP Warning:  Attempt to read property "title" on null in C:\Users\emily\Local Sites\the-chandler\app\public\wp-includes\class-wp-customize-widgets.php on line 905
[29-Mar-2024 19:08:36 UTC] PHP Parse error:  syntax error, unexpected token ";", expecting ")" in C:\Users\emily\Local Sites\the-chandler\app\public\wp-content\themes\my-wordpress-theme\functions.php on line 15
[29-Mar-2024 19:08:36 UTC] PHP Warning:  Trying to access array offset on value of type bool in C:\Users\emily\Local Sites\the-chandler\app\public\wp-includes\class-wp-recovery-mode-email-service.php on line 367
[29-Mar-2024 19:08:36 UTC] PHP Warning:  Trying to access array offset on value of type bool in C:\Users\emily\Local Sites\the-chandler\app\public\wp-includes\class-wp-recovery-mode-email-service.php on line 368
[29-Mar-2024 19:28:28 UTC] PHP Fatal error:  Cannot redeclare chandler_post_types1() (previously declared in C:\Users\emily\Local Sites\the-chandler\app\public\wp-content\mu-plugins\chandler-post-types.php:3) in C:\Users\emily\Local Sites\the-chandler\app\public\wp-content\themes\my-wordpress-theme\functions.php on line 13
[29-Mar-2024 19:29:26 UTC] PHP Fatal error:  Cannot redeclare chandler_post_types1() (previously declared in C:\Users\emily\Local Sites\the-chandler\app\public\wp-content\mu-plugins\chandler-post-types.php:3) in C:\Users\emily\Local Sites\the-chandler\app\public\wp-content\themes\my-wordpress-theme\functions.php on line 13
[29-Mar-2024 19:29:26 UTC] PHP Fatal error:  Cannot redeclare chandler_post_types1() (previously declared in C:\Users\emily\Local Sites\the-chandler\app\public\wp-content\mu-plugins\chandler-post-types.php:3) in C:\Users\emily\Local Sites\the-chandler\app\public\wp-content\themes\my-wordpress-theme\functions.php on line 13
[29-Mar-2024 19:31:47 UTC] PHP Fatal error:  Cannot redeclare chandler_post_types1() (previously declared in C:\Users\emily\Local Sites\the-chandler\app\public\wp-content\mu-plugins\post-types.php:3) in C:\Users\emily\Local Sites\the-chandler\app\public\wp-content\themes\my-wordpress-theme\functions.php on line 13
[29-Mar-2024 19:31:47 UTC] PHP Fatal error:  Cannot redeclare chandler_post_types1() (previously declared in C:\Users\emily\Local Sites\the-chandler\app\public\wp-content\mu-plugins\post-types.php:3) in C:\Users\emily\Local Sites\the-chandler\app\public\wp-content\themes\my-wordpress-theme\functions.php on line 13
[29-Mar-2024 19:32:35 UTC] PHP Fatal error:  Cannot redeclare chandler_post_types() (previously declared in C:\Users\emily\Local Sites\the-chandler\app\public\wp-content\mu-plugins\post-types.php:3) in C:\Users\emily\Local Sites\the-chandler\app\public\wp-content\themes\my-wordpress-theme\functions.php on line 14
[29-Mar-2024 19:32:35 UTC] PHP Fatal error:  Cannot redeclare chandler_post_types() (previously declared in C:\Users\emily\Local Sites\the-chandler\app\public\wp-content\mu-plugins\post-types.php:3) in C:\Users\emily\Local Sites\the-chandler\app\public\wp-content\themes\my-wordpress-theme\functions.php on line 14
[29-Mar-2024 19:37:10 UTC] PHP Parse error:  syntax error, unexpected token ";", expecting ")" in C:\Users\emily\Local Sites\the-chandler\app\public\wp-content\mu-plugins\post-types.php on line 14
[29-Mar-2024 19:37:10 UTC] PHP Parse error:  syntax error, unexpected token ";", expecting ")" in C:\Users\emily\Local Sites\the-chandler\app\public\wp-content\mu-plugins\post-types.php on line 14
[29-Mar-2024 19:52:34 UTC] PHP Warning:  file_put_contents(C:\Users\emily\Local Sites\the-chandler\app\public/wp-content/themes/my-wordpress-theme/acf-json/group_66071973900e5.json): Failed to open stream: No such file or directory in C:\Users\emily\Local Sites\the-chandler\app\public\wp-content\plugins\advanced-custom-fields\includes\local-json.php on line 448
[29-Mar-2024 19:52:45 UTC] PHP Warning:  file_put_contents(C:\Users\emily\Local Sites\the-chandler\app\public/wp-content/themes/my-wordpress-theme/acf-json/group_66071973900e5.json): Failed to open stream: No such file or directory in C:\Users\emily\Local Sites\the-chandler\app\public\wp-content\plugins\advanced-custom-fields\includes\local-json.php on line 448
[29-Mar-2024 23:24:14 UTC] PHP Warning:  file_put_contents(C:\Users\emily\Local Sites\the-chandler\app\public/wp-content/themes/my-wordpress-theme/acf-json/group_66071973900e5.json): Failed to open stream: No such file or directory in C:\Users\emily\Local Sites\the-chandler\app\public\wp-content\plugins\advanced-custom-fields\includes\local-json.php on line 448
[29-Mar-2024 23:24:58 UTC] PHP Warning:  file_put_contents(C:\Users\emily\Local Sites\the-chandler\app\public/wp-content/themes/my-wordpress-theme/acf-json/group_66071973900e5.json): Failed to open stream: No such file or directory in C:\Users\emily\Local Sites\the-chandler\app\public\wp-content\plugins\advanced-custom-fields\includes\local-json.php on line 448
[29-Mar-2024 23:26:41 UTC] PHP Warning:  file_put_contents(C:\Users\emily\Local Sites\the-chandler\app\public/wp-content/themes/my-wordpress-theme/acf-json/group_66071973900e5.json): Failed to open stream: No such file or directory in C:\Users\emily\Local Sites\the-chandler\app\public\wp-content\plugins\advanced-custom-fields\includes\local-json.php on line 448
[29-Mar-2024 23:27:02 UTC] PHP Warning:  file_put_contents(C:\Users\emily\Local Sites\the-chandler\app\public/wp-content/themes/my-wordpress-theme/acf-json/group_66071973900e5.json): Failed to open stream: No such file or directory in C:\Users\emily\Local Sites\the-chandler\app\public\wp-content\plugins\advanced-custom-fields\includes\local-json.php on line 448
[29-Mar-2024 23:27:40 UTC] PHP Warning:  file_put_contents(C:\Users\emily\Local Sites\the-chandler\app\public/wp-content/themes/my-wordpress-theme/acf-json/group_66074e5690627.json): Failed to open stream: No such file or directory in C:\Users\emily\Local Sites\the-chandler\app\public\wp-content\plugins\advanced-custom-fields\includes\local-json.php on line 448
[29-Mar-2024 23:28:05 UTC] PHP Warning:  file_put_contents(C:\Users\emily\Local Sites\the-chandler\app\public/wp-content/themes/my-wordpress-theme/acf-json/group_66074e5690627.json): Failed to open stream: No such file or directory in C:\Users\emily\Local Sites\the-chandler\app\public\wp-content\plugins\advanced-custom-fields\includes\local-json.php on line 448
[29-Mar-2024 23:28:28 UTC] PHP Warning:  file_put_contents(C:\Users\emily\Local Sites\the-chandler\app\public/wp-content/themes/my-wordpress-theme/acf-json/group_66074e5690627.json): Failed to open stream: No such file or directory in C:\Users\emily\Local Sites\the-chandler\app\public\wp-content\plugins\advanced-custom-fields\includes\local-json.php on line 448
[29-Mar-2024 23:29:09 UTC] PHP Warning:  file_put_contents(C:\Users\emily\Local Sites\the-chandler\app\public/wp-content/themes/my-wordpress-theme/acf-json/group_66074eb461384.json): Failed to open stream: No such file or directory in C:\Users\emily\Local Sites\the-chandler\app\public\wp-content\plugins\advanced-custom-fields\includes\local-json.php on line 448
[29-Mar-2024 23:29:28 UTC] PHP Warning:  file_put_contents(C:\Users\emily\Local Sites\the-chandler\app\public/wp-content/themes/my-wordpress-theme/acf-json/group_66074eb461384.json): Failed to open stream: No such file or directory in C:\Users\emily\Local Sites\the-chandler\app\public\wp-content\plugins\advanced-custom-fields\includes\local-json.php on line 448
[29-Mar-2024 23:29:44 UTC] PHP Warning:  file_put_contents(C:\Users\emily\Local Sites\the-chandler\app\public/wp-content/themes/my-wordpress-theme/acf-json/group_66074eb461384.json): Failed to open stream: No such file or directory in C:\Users\emily\Local Sites\the-chandler\app\public\wp-content\plugins\advanced-custom-fields\includes\local-json.php on line 448
[29-Mar-2024 23:34:39 UTC] PHP Warning:  file_put_contents(C:\Users\emily\Local Sites\the-chandler\app\public/wp-content/themes/my-wordpress-theme/acf-json/group_66074f207559e.json): Failed to open stream: No such file or directory in C:\Users\emily\Local Sites\the-chandler\app\public\wp-content\plugins\advanced-custom-fields\includes\local-json.php on line 448
[29-Mar-2024 23:35:10 UTC] PHP Warning:  file_put_contents(C:\Users\emily\Local Sites\the-chandler\app\public/wp-content/themes/my-wordpress-theme/acf-json/group_66071973900e5.json): Failed to open stream: No such file or directory in C:\Users\emily\Local Sites\the-chandler\app\public\wp-content\plugins\advanced-custom-fields\includes\local-json.php on line 448
[29-Mar-2024 23:37:46 UTC] PHP Warning:  file_put_contents(C:\Users\emily\Local Sites\the-chandler\app\public/wp-content/themes/my-wordpress-theme/acf-json/group_66074e5690627.json): Failed to open stream: No such file or directory in C:\Users\emily\Local Sites\the-chandler\app\public\wp-content\plugins\advanced-custom-fields\includes\local-json.php on line 448
[29-Mar-2024 23:38:28 UTC] PHP Warning:  file_put_contents(C:\Users\emily\Local Sites\the-chandler\app\public/wp-content/themes/my-wordpress-theme/acf-json/group_66074eb461384.json): Failed to open stream: No such file or directory in C:\Users\emily\Local Sites\the-chandler\app\public\wp-content\plugins\advanced-custom-fields\includes\local-json.php on line 448
[29-Mar-2024 23:39:45 UTC] PHP Warning:  file_put_contents(C:\Users\emily\Local Sites\the-chandler\app\public/wp-content/themes/my-wordpress-theme/acf-json/group_66074f207559e.json): Failed to open stream: No such file or directory in C:\Users\emily\Local Sites\the-chandler\app\public\wp-content\plugins\advanced-custom-fields\includes\local-json.php on line 448
[29-Mar-2024 23:40:20 UTC] PHP Warning:  file_put_contents(C:\Users\emily\Local Sites\the-chandler\app\public/wp-content/themes/my-wordpress-theme/acf-json/group_66074f207559e.json): Failed to open stream: No such file or directory in C:\Users\emily\Local Sites\the-chandler\app\public\wp-content\plugins\advanced-custom-fields\includes\local-json.php on line 448
[29-Mar-2024 23:40:55 UTC] PHP Warning:  file_put_contents(C:\Users\emily\Local Sites\the-chandler\app\public/wp-content/themes/my-wordpress-theme/acf-json/group_66071973900e5.json): Failed to open stream: No such file or directory in C:\Users\emily\Local Sites\the-chandler\app\public\wp-content\plugins\advanced-custom-fields\includes\local-json.php on line 448
[30-Mar-2024 02:34:34 UTC] PHP Warning:  Attempt to read property "title" on null in C:\Users\emily\Local Sites\the-chandler\app\public\wp-includes\class-wp-customize-widgets.php on line 905
[30-Mar-2024 04:46:25 UTC] PHP Warning:  file_put_contents(C:\Users\emily\Local Sites\the-chandler\app\public/wp-content/themes/my-wordpress-theme/acf-json/group_66071973900e5.json): Failed to open stream: No such file or directory in C:\Users\emily\Local Sites\the-chandler\app\public\wp-content\plugins\advanced-custom-fields\includes\local-json.php on line 448
[30-Mar-2024 04:47:08 UTC] PHP Warning:  file_put_contents(C:\Users\emily\Local Sites\the-chandler\app\public/wp-content/themes/my-wordpress-theme/acf-json/group_66074f207559e.json): Failed to open stream: No such file or directory in C:\Users\emily\Local Sites\the-chandler\app\public\wp-content\plugins\advanced-custom-fields\includes\local-json.php on line 448
[30-Mar-2024 04:47:45 UTC] PHP Warning:  file_put_contents(C:\Users\emily\Local Sites\the-chandler\app\public/wp-content/themes/my-wordpress-theme/acf-json/group_66074e5690627.json): Failed to open stream: No such file or directory in C:\Users\emily\Local Sites\the-chandler\app\public\wp-content\plugins\advanced-custom-fields\includes\local-json.php on line 448
[30-Mar-2024 04:48:39 UTC] PHP Warning:  file_put_contents(C:\Users\emily\Local Sites\the-chandler\app\public/wp-content/themes/my-wordpress-theme/acf-json/group_66074eb461384.json): Failed to open stream: No such file or directory in C:\Users\emily\Local Sites\the-chandler\app\public\wp-content\plugins\advanced-custom-fields\includes\local-json.php on line 448
[30-Mar-2024 04:54:45 UTC] PHP Warning:  file_put_contents(C:\Users\emily\Local Sites\the-chandler\app\public/wp-content/themes/my-wordpress-theme/acf-json/group_66071973900e5.json): Failed to open stream: No such file or directory in C:\Users\emily\Local Sites\the-chandler\app\public\wp-content\plugins\advanced-custom-fields\includes\local-json.php on line 448
[30-Mar-2024 05:07:45 UTC] PHP Warning:  file_put_contents(C:\Users\emily\Local Sites\the-chandler\app\public/wp-content/themes/my-wordpress-theme/acf-json/group_66074e5690627.json): Failed to open stream: No such file or directory in C:\Users\emily\Local Sites\the-chandler\app\public\wp-content\plugins\advanced-custom-fields\includes\local-json.php on line 448
